<?xml version="1.0" encoding="UTF-8"?>
<testsuites>
  <testsuite name="/Users/jaypaldhoriya/WorkSpace/web-Workspace/Oceanbit_Laravel/OCEANBIT/split-bill-laravel/phpunit.xml" tests="96" assertions="482" errors="0" failures="0" skipped="0" time="11.761680">
    <testsuite name="Unit" tests="1" assertions="1" errors="0" failures="0" skipped="0" time="0.006487">
      <testsuite name="Tests\Unit\UserApiTest" file="/Users/jaypaldhoriya/WorkSpace/web-Workspace/Oceanbit_Laravel/OCEANBIT/split-bill-laravel/tests/Unit/UserApiTest.php" tests="1" assertions="1" errors="0" failures="0" skipped="0" time="0.006487">
        <testcase name="test_example" file="/Users/jaypaldhoriya/WorkSpace/web-Workspace/Oceanbit_Laravel/OCEANBIT/split-bill-laravel/tests/Unit/UserApiTest.php" line="12" class="Tests\Unit\UserApiTest" classname="Tests.Unit.UserApiTest" assertions="1" time="0.006487"/>
      </testsuite>
    </testsuite>
    <testsuite name="Feature" tests="95" assertions="481" errors="0" failures="0" skipped="0" time="11.755193">
      <testsuite name="Tests\Feature\Auth\ForgotPasswordTest" file="/Users/jaypaldhoriya/WorkSpace/web-Workspace/Oceanbit_Laravel/OCEANBIT/split-bill-laravel/tests/Feature/Auth/ForgotPasswordTest.php" tests="5" assertions="44" errors="0" failures="0" skipped="0" time="0.401099">
        <testcase name="test_forgot_password_success" file="/Users/jaypaldhoriya/WorkSpace/web-Workspace/Oceanbit_Laravel/OCEANBIT/split-bill-laravel/tests/Feature/Auth/ForgotPasswordTest.php" line="19" class="Tests\Feature\Auth\ForgotPasswordTest" classname="Tests.Feature.Auth.ForgotPasswordTest" assertions="9" time="0.314417"/>
        <testcase name="test_forgot_password_missing_required_fields" file="/Users/jaypaldhoriya/WorkSpace/web-Workspace/Oceanbit_Laravel/OCEANBIT/split-bill-laravel/tests/Feature/Auth/ForgotPasswordTest.php" line="41" class="Tests\Feature\Auth\ForgotPasswordTest" classname="Tests.Feature.Auth.ForgotPasswordTest" assertions="10" time="0.016949"/>
        <testcase name="test_forgot_password_user_id_does_not_exist" file="/Users/jaypaldhoriya/WorkSpace/web-Workspace/Oceanbit_Laravel/OCEANBIT/split-bill-laravel/tests/Feature/Auth/ForgotPasswordTest.php" line="59" class="Tests\Feature\Auth\ForgotPasswordTest" classname="Tests.Feature.Auth.ForgotPasswordTest" assertions="9" time="0.016488"/>
        <testcase name="test_forgot_password_passwords_do_not_match" file="/Users/jaypaldhoriya/WorkSpace/web-Workspace/Oceanbit_Laravel/OCEANBIT/split-bill-laravel/tests/Feature/Auth/ForgotPasswordTest.php" line="79" class="Tests\Feature\Auth\ForgotPasswordTest" classname="Tests.Feature.Auth.ForgotPasswordTest" assertions="8" time="0.019795"/>
        <testcase name="test_forgot_password_password_too_short" file="/Users/jaypaldhoriya/WorkSpace/web-Workspace/Oceanbit_Laravel/OCEANBIT/split-bill-laravel/tests/Feature/Auth/ForgotPasswordTest.php" line="100" class="Tests\Feature\Auth\ForgotPasswordTest" classname="Tests.Feature.Auth.ForgotPasswordTest" assertions="8" time="0.033450"/>
      </testsuite>
      <testsuite name="Tests\Feature\Auth\UserLoginTest" file="/Users/jaypaldhoriya/WorkSpace/web-Workspace/Oceanbit_Laravel/OCEANBIT/split-bill-laravel/tests/Feature/Auth/UserLoginTest.php" tests="7" assertions="28" errors="0" failures="0" skipped="0" time="0.672966">
        <testcase name="test_login_successful" file="/Users/jaypaldhoriya/WorkSpace/web-Workspace/Oceanbit_Laravel/OCEANBIT/split-bill-laravel/tests/Feature/Auth/UserLoginTest.php" line="15" class="Tests\Feature\Auth\UserLoginTest" classname="Tests.Feature.Auth.UserLoginTest" assertions="6" time="0.101786"/>
        <testcase name="test_login_fails_with_invalid_password" file="/Users/jaypaldhoriya/WorkSpace/web-Workspace/Oceanbit_Laravel/OCEANBIT/split-bill-laravel/tests/Feature/Auth/UserLoginTest.php" line="37" class="Tests\Feature\Auth\UserLoginTest" classname="Tests.Feature.Auth.UserLoginTest" assertions="2" time="0.223981"/>
        <testcase name="test_login_fails_with_non_existing_email" file="/Users/jaypaldhoriya/WorkSpace/web-Workspace/Oceanbit_Laravel/OCEANBIT/split-bill-laravel/tests/Feature/Auth/UserLoginTest.php" line="56" class="Tests\Feature\Auth\UserLoginTest" classname="Tests.Feature.Auth.UserLoginTest" assertions="2" time="0.223512"/>
        <testcase name="test_login_fails_with_missing_email" file="/Users/jaypaldhoriya/WorkSpace/web-Workspace/Oceanbit_Laravel/OCEANBIT/split-bill-laravel/tests/Feature/Auth/UserLoginTest.php" line="71" class="Tests\Feature\Auth\UserLoginTest" classname="Tests.Feature.Auth.UserLoginTest" assertions="4" time="0.019066"/>
        <testcase name="test_login_fails_with_missing_password" file="/Users/jaypaldhoriya/WorkSpace/web-Workspace/Oceanbit_Laravel/OCEANBIT/split-bill-laravel/tests/Feature/Auth/UserLoginTest.php" line="89" class="Tests\Feature\Auth\UserLoginTest" classname="Tests.Feature.Auth.UserLoginTest" assertions="4" time="0.021209"/>
        <testcase name="test_login_with_fcm_token_updates_user" file="/Users/jaypaldhoriya/WorkSpace/web-Workspace/Oceanbit_Laravel/OCEANBIT/split-bill-laravel/tests/Feature/Auth/UserLoginTest.php" line="109" class="Tests\Feature\Auth\UserLoginTest" classname="Tests.Feature.Auth.UserLoginTest" assertions="7" time="0.043440"/>
        <testcase name="test_login_response_contains_token" file="/Users/jaypaldhoriya/WorkSpace/web-Workspace/Oceanbit_Laravel/OCEANBIT/split-bill-laravel/tests/Feature/Auth/UserLoginTest.php" line="135" class="Tests\Feature\Auth\UserLoginTest" classname="Tests.Feature.Auth.UserLoginTest" assertions="3" time="0.039972"/>
      </testsuite>
      <testsuite name="Tests\Feature\Auth\UserRegisterTest" file="/Users/jaypaldhoriya/WorkSpace/web-Workspace/Oceanbit_Laravel/OCEANBIT/split-bill-laravel/tests/Feature/Auth/UserRegisterTest.php" tests="8" assertions="35" errors="0" failures="0" skipped="0" time="0.250233">
        <testcase name="test_register_success" file="/Users/jaypaldhoriya/WorkSpace/web-Workspace/Oceanbit_Laravel/OCEANBIT/split-bill-laravel/tests/Feature/Auth/UserRegisterTest.php" line="14" class="Tests\Feature\Auth\UserRegisterTest" classname="Tests.Feature.Auth.UserRegisterTest" assertions="9" time="0.042958"/>
        <testcase name="test_register_missing_required_fields" file="/Users/jaypaldhoriya/WorkSpace/web-Workspace/Oceanbit_Laravel/OCEANBIT/split-bill-laravel/tests/Feature/Auth/UserRegisterTest.php" line="37" class="Tests\Feature\Auth\UserRegisterTest" classname="Tests.Feature.Auth.UserRegisterTest" assertions="13" time="0.016096"/>
        <testcase name="test_register_invalid_email" file="/Users/jaypaldhoriya/WorkSpace/web-Workspace/Oceanbit_Laravel/OCEANBIT/split-bill-laravel/tests/Feature/Auth/UserRegisterTest.php" line="59" class="Tests\Feature\Auth\UserRegisterTest" classname="Tests.Feature.Auth.UserRegisterTest" assertions="2" time="0.020185"/>
        <testcase name="test_register_password_mismatch" file="/Users/jaypaldhoriya/WorkSpace/web-Workspace/Oceanbit_Laravel/OCEANBIT/split-bill-laravel/tests/Feature/Auth/UserRegisterTest.php" line="77" class="Tests\Feature\Auth\UserRegisterTest" classname="Tests.Feature.Auth.UserRegisterTest" assertions="2" time="0.019843"/>
        <testcase name="test_register_email_already_exists" file="/Users/jaypaldhoriya/WorkSpace/web-Workspace/Oceanbit_Laravel/OCEANBIT/split-bill-laravel/tests/Feature/Auth/UserRegisterTest.php" line="95" class="Tests\Feature\Auth\UserRegisterTest" classname="Tests.Feature.Auth.UserRegisterTest" assertions="2" time="0.025330"/>
        <testcase name="test_register_phone_already_exists" file="/Users/jaypaldhoriya/WorkSpace/web-Workspace/Oceanbit_Laravel/OCEANBIT/split-bill-laravel/tests/Feature/Auth/UserRegisterTest.php" line="113" class="Tests\Feature\Auth\UserRegisterTest" classname="Tests.Feature.Auth.UserRegisterTest" assertions="2" time="0.023763"/>
        <testcase name="test_register_with_fcm_token" file="/Users/jaypaldhoriya/WorkSpace/web-Workspace/Oceanbit_Laravel/OCEANBIT/split-bill-laravel/tests/Feature/Auth/UserRegisterTest.php" line="131" class="Tests\Feature\Auth\UserRegisterTest" classname="Tests.Feature.Auth.UserRegisterTest" assertions="2" time="0.062296"/>
        <testcase name="test_register_assigns_default_image" file="/Users/jaypaldhoriya/WorkSpace/web-Workspace/Oceanbit_Laravel/OCEANBIT/split-bill-laravel/tests/Feature/Auth/UserRegisterTest.php" line="154" class="Tests\Feature\Auth\UserRegisterTest" classname="Tests.Feature.Auth.UserRegisterTest" assertions="3" time="0.039763"/>
      </testsuite>
      <testsuite name="Tests\Feature\Bill\CreateBillTest" file="/Users/jaypaldhoriya/WorkSpace/web-Workspace/Oceanbit_Laravel/OCEANBIT/split-bill-laravel/tests/Feature/Bill/CreateBillTest.php" tests="8" assertions="48" errors="0" failures="0" skipped="0" time="6.844431">
        <testcase name="it_fails_validation_if_required_fields_missing" file="/Users/jaypaldhoriya/WorkSpace/web-Workspace/Oceanbit_Laravel/OCEANBIT/split-bill-laravel/tests/Feature/Bill/CreateBillTest.php" line="49" class="Tests\Feature\Bill\CreateBillTest" classname="Tests.Feature.Bill.CreateBillTest" assertions="14" time="0.026927"/>
        <testcase name="it_fails_if_friends_array_is_empty" file="/Users/jaypaldhoriya/WorkSpace/web-Workspace/Oceanbit_Laravel/OCEANBIT/split-bill-laravel/tests/Feature/Bill/CreateBillTest.php" line="65" class="Tests\Feature\Bill\CreateBillTest" classname="Tests.Feature.Bill.CreateBillTest" assertions="6" time="0.038286"/>
        <testcase name="it_fails_if_friend_user_id_does_not_exist" file="/Users/jaypaldhoriya/WorkSpace/web-Workspace/Oceanbit_Laravel/OCEANBIT/split-bill-laravel/tests/Feature/Bill/CreateBillTest.php" line="78" class="Tests\Feature\Bill\CreateBillTest" classname="Tests.Feature.Bill.CreateBillTest" assertions="6" time="0.032559"/>
        <testcase name="it_fails_if_amounts_missing_for_custom_split" file="/Users/jaypaldhoriya/WorkSpace/web-Workspace/Oceanbit_Laravel/OCEANBIT/split-bill-laravel/tests/Feature/Bill/CreateBillTest.php" line="91" class="Tests\Feature\Bill\CreateBillTest" classname="Tests.Feature.Bill.CreateBillTest" assertions="6" time="0.031904"/>
        <testcase name="it_creates_bill_successfully_with_equal_split" file="/Users/jaypaldhoriya/WorkSpace/web-Workspace/Oceanbit_Laravel/OCEANBIT/split-bill-laravel/tests/Feature/Bill/CreateBillTest.php" line="110" class="Tests\Feature\Bill\CreateBillTest" classname="Tests.Feature.Bill.CreateBillTest" assertions="4" time="5.561224"/>
        <testcase name="it_creates_bill_successfully_with_custom_split" file="/Users/jaypaldhoriya/WorkSpace/web-Workspace/Oceanbit_Laravel/OCEANBIT/split-bill-laravel/tests/Feature/Bill/CreateBillTest.php" line="146" class="Tests\Feature\Bill\CreateBillTest" classname="Tests.Feature.Bill.CreateBillTest" assertions="4" time="0.659456"/>
        <testcase name="it_fails_if_total_split_amount_does_not_match_bill_amount" file="/Users/jaypaldhoriya/WorkSpace/web-Workspace/Oceanbit_Laravel/OCEANBIT/split-bill-laravel/tests/Feature/Bill/CreateBillTest.php" line="183" class="Tests\Feature\Bill\CreateBillTest" classname="Tests.Feature.Bill.CreateBillTest" assertions="4" time="0.057537"/>
        <testcase name="it_creates_bill_successfully_with_group_id" file="/Users/jaypaldhoriya/WorkSpace/web-Workspace/Oceanbit_Laravel/OCEANBIT/split-bill-laravel/tests/Feature/Bill/CreateBillTest.php" line="219" class="Tests\Feature\Bill\CreateBillTest" classname="Tests.Feature.Bill.CreateBillTest" assertions="4" time="0.436537"/>
      </testsuite>
      <testsuite name="Tests\Feature\Bill\HostedBillListTest" file="/Users/jaypaldhoriya/WorkSpace/web-Workspace/Oceanbit_Laravel/OCEANBIT/split-bill-laravel/tests/Feature/Bill/HostedBillListTest.php" tests="5" assertions="86" errors="0" failures="0" skipped="0" time="0.837332">
        <testcase name="test_validation_fails_for_invalid_input" file="/Users/jaypaldhoriya/WorkSpace/web-Workspace/Oceanbit_Laravel/OCEANBIT/split-bill-laravel/tests/Feature/Bill/HostedBillListTest.php" line="28" class="Tests\Feature\Bill\HostedBillListTest" classname="Tests.Feature.Bill.HostedBillListTest" assertions="3" time="0.027970"/>
        <testcase name="test_returns_400_if_no_hosted_bills_found" file="/Users/jaypaldhoriya/WorkSpace/web-Workspace/Oceanbit_Laravel/OCEANBIT/split-bill-laravel/tests/Feature/Bill/HostedBillListTest.php" line="42" class="Tests\Feature\Bill\HostedBillListTest" classname="Tests.Feature.Bill.HostedBillListTest" assertions="2" time="0.025539"/>
        <testcase name="test_paginated_results_are_returned_correctly" file="/Users/jaypaldhoriya/WorkSpace/web-Workspace/Oceanbit_Laravel/OCEANBIT/split-bill-laravel/tests/Feature/Bill/HostedBillListTest.php" line="57" class="Tests\Feature\Bill\HostedBillListTest" classname="Tests.Feature.Bill.HostedBillListTest" assertions="77" time="0.226886"/>
        <testcase name="test_status_shows_correct_based_on_paid_status" file="/Users/jaypaldhoriya/WorkSpace/web-Workspace/Oceanbit_Laravel/OCEANBIT/split-bill-laravel/tests/Feature/Bill/HostedBillListTest.php" line="98" class="Tests\Feature\Bill\HostedBillListTest" classname="Tests.Feature.Bill.HostedBillListTest" assertions="2" time="0.503185"/>
        <testcase name="test_excludes_payment_transaction_type_bills" file="/Users/jaypaldhoriya/WorkSpace/web-Workspace/Oceanbit_Laravel/OCEANBIT/split-bill-laravel/tests/Feature/Bill/HostedBillListTest.php" line="133" class="Tests\Feature\Bill\HostedBillListTest" classname="Tests.Feature.Bill.HostedBillListTest" assertions="2" time="0.053753"/>
      </testsuite>
      <testsuite name="Tests\Feature\Bill\JoinedBillListTest" file="/Users/jaypaldhoriya/WorkSpace/web-Workspace/Oceanbit_Laravel/OCEANBIT/split-bill-laravel/tests/Feature/Bill/JoinedBillListTest.php" tests="6" assertions="41" errors="0" failures="0" skipped="0" time="0.285767">
        <testcase name="test_validation_fails_for_invalid_page_and_limit" file="/Users/jaypaldhoriya/WorkSpace/web-Workspace/Oceanbit_Laravel/OCEANBIT/split-bill-laravel/tests/Feature/Bill/JoinedBillListTest.php" line="29" class="Tests\Feature\Bill\JoinedBillListTest" classname="Tests.Feature.Bill.JoinedBillListTest" assertions="3" time="0.022908"/>
        <testcase name="test_returns_400_if_no_joined_bills_found" file="/Users/jaypaldhoriya/WorkSpace/web-Workspace/Oceanbit_Laravel/OCEANBIT/split-bill-laravel/tests/Feature/Bill/JoinedBillListTest.php" line="43" class="Tests\Feature\Bill\JoinedBillListTest" classname="Tests.Feature.Bill.JoinedBillListTest" assertions="2" time="0.046417"/>
        <testcase name="test_excludes_payment_transaction_type_bills" file="/Users/jaypaldhoriya/WorkSpace/web-Workspace/Oceanbit_Laravel/OCEANBIT/split-bill-laravel/tests/Feature/Bill/JoinedBillListTest.php" line="57" class="Tests\Feature\Bill\JoinedBillListTest" classname="Tests.Feature.Bill.JoinedBillListTest" assertions="2" time="0.059561"/>
        <testcase name="test_pagination_returns_correct_structure" file="/Users/jaypaldhoriya/WorkSpace/web-Workspace/Oceanbit_Laravel/OCEANBIT/split-bill-laravel/tests/Feature/Bill/JoinedBillListTest.php" line="97" class="Tests\Feature\Bill\JoinedBillListTest" classname="Tests.Feature.Bill.JoinedBillListTest" assertions="27" time="0.048388"/>
        <testcase name="test_status_reflects_paid_and_pending_correctly" file="/Users/jaypaldhoriya/WorkSpace/web-Workspace/Oceanbit_Laravel/OCEANBIT/split-bill-laravel/tests/Feature/Bill/JoinedBillListTest.php" line="152" class="Tests\Feature\Bill\JoinedBillListTest" classname="Tests.Feature.Bill.JoinedBillListTest" assertions="4" time="0.055747"/>
        <testcase name="test_only_bills_joined_by_authenticated_user_and_not_paid_by_user_returned" file="/Users/jaypaldhoriya/WorkSpace/web-Workspace/Oceanbit_Laravel/OCEANBIT/split-bill-laravel/tests/Feature/Bill/JoinedBillListTest.php" line="201" class="Tests\Feature\Bill\JoinedBillListTest" classname="Tests.Feature.Bill.JoinedBillListTest" assertions="3" time="0.052746"/>
      </testsuite>
      <testsuite name="Tests\Feature\ListBillsByGroupTest" file="/Users/jaypaldhoriya/WorkSpace/web-Workspace/Oceanbit_Laravel/OCEANBIT/split-bill-laravel/tests/Feature/Bill/ListBillsByGroupTest.php" tests="5" assertions="50" errors="0" failures="0" skipped="0" time="0.166503">
        <testcase name="test_returns_validation_error_for_missing_group_id" file="/Users/jaypaldhoriya/WorkSpace/web-Workspace/Oceanbit_Laravel/OCEANBIT/split-bill-laravel/tests/Feature/Bill/ListBillsByGroupTest.php" line="29" class="Tests\Feature\ListBillsByGroupTest" classname="Tests.Feature.ListBillsByGroupTest" assertions="4" time="0.022734"/>
        <testcase name="test_returns_validation_error_for_non_existent_group_id" file="/Users/jaypaldhoriya/WorkSpace/web-Workspace/Oceanbit_Laravel/OCEANBIT/split-bill-laravel/tests/Feature/Bill/ListBillsByGroupTest.php" line="47" class="Tests\Feature\ListBillsByGroupTest" classname="Tests.Feature.ListBillsByGroupTest" assertions="4" time="0.020971"/>
        <testcase name="test_returns_empty_result_if_no_bills_exist" file="/Users/jaypaldhoriya/WorkSpace/web-Workspace/Oceanbit_Laravel/OCEANBIT/split-bill-laravel/tests/Feature/Bill/ListBillsByGroupTest.php" line="64" class="Tests\Feature\ListBillsByGroupTest" classname="Tests.Feature.ListBillsByGroupTest" assertions="2" time="0.037440"/>
        <testcase name="test_returns_bills_for_given_group_id" file="/Users/jaypaldhoriya/WorkSpace/web-Workspace/Oceanbit_Laravel/OCEANBIT/split-bill-laravel/tests/Feature/Bill/ListBillsByGroupTest.php" line="80" class="Tests\Feature\ListBillsByGroupTest" classname="Tests.Feature.ListBillsByGroupTest" assertions="14" time="0.042212"/>
        <testcase name="test_pagination_works_correctly" file="/Users/jaypaldhoriya/WorkSpace/web-Workspace/Oceanbit_Laravel/OCEANBIT/split-bill-laravel/tests/Feature/Bill/ListBillsByGroupTest.php" line="110" class="Tests\Feature\ListBillsByGroupTest" classname="Tests.Feature.ListBillsByGroupTest" assertions="26" time="0.043147"/>
      </testsuite>
      <testsuite name="Tests\Feature\Group\AddGroupMemberTest" file="/Users/jaypaldhoriya/WorkSpace/web-Workspace/Oceanbit_Laravel/OCEANBIT/split-bill-laravel/tests/Feature/Group/AddGroupMemberTest.php" tests="10" assertions="15" errors="0" failures="0" skipped="0" time="0.295032">
        <testcase name="test_admin_can_add_users_to_group" file="/Users/jaypaldhoriya/WorkSpace/web-Workspace/Oceanbit_Laravel/OCEANBIT/split-bill-laravel/tests/Feature/Group/AddGroupMemberTest.php" line="24" class="Tests\Feature\Group\AddGroupMemberTest" classname="Tests.Feature.Group.AddGroupMemberTest" assertions="4" time="0.045338"/>
        <testcase name="test_validation_fails_if_group_id_is_missing" file="/Users/jaypaldhoriya/WorkSpace/web-Workspace/Oceanbit_Laravel/OCEANBIT/split-bill-laravel/tests/Feature/Group/AddGroupMemberTest.php" line="55" class="Tests\Feature\Group\AddGroupMemberTest" classname="Tests.Feature.Group.AddGroupMemberTest" assertions="1" time="0.022502"/>
        <testcase name="test_validation_fails_if_user_list_is_missing" file="/Users/jaypaldhoriya/WorkSpace/web-Workspace/Oceanbit_Laravel/OCEANBIT/split-bill-laravel/tests/Feature/Group/AddGroupMemberTest.php" line="64" class="Tests\Feature\Group\AddGroupMemberTest" classname="Tests.Feature.Group.AddGroupMemberTest" assertions="1" time="0.026579"/>
        <testcase name="test_validation_fails_if_user_list_is_not_array" file="/Users/jaypaldhoriya/WorkSpace/web-Workspace/Oceanbit_Laravel/OCEANBIT/split-bill-laravel/tests/Feature/Group/AddGroupMemberTest.php" line="72" class="Tests\Feature\Group\AddGroupMemberTest" classname="Tests.Feature.Group.AddGroupMemberTest" assertions="1" time="0.024879"/>
        <testcase name="test_validation_fails_if_user_list_item_has_no_user_id" file="/Users/jaypaldhoriya/WorkSpace/web-Workspace/Oceanbit_Laravel/OCEANBIT/split-bill-laravel/tests/Feature/Group/AddGroupMemberTest.php" line="83" class="Tests\Feature\Group\AddGroupMemberTest" classname="Tests.Feature.Group.AddGroupMemberTest" assertions="1" time="0.028546"/>
        <testcase name="test_validation_fails_if_group_id_is_invalid" file="/Users/jaypaldhoriya/WorkSpace/web-Workspace/Oceanbit_Laravel/OCEANBIT/split-bill-laravel/tests/Feature/Group/AddGroupMemberTest.php" line="94" class="Tests\Feature\Group\AddGroupMemberTest" classname="Tests.Feature.Group.AddGroupMemberTest" assertions="1" time="0.020827"/>
        <testcase name="test_validation_fails_if_user_id_in_user_list_does_not_exist" file="/Users/jaypaldhoriya/WorkSpace/web-Workspace/Oceanbit_Laravel/OCEANBIT/split-bill-laravel/tests/Feature/Group/AddGroupMemberTest.php" line="104" class="Tests\Feature\Group\AddGroupMemberTest" classname="Tests.Feature.Group.AddGroupMemberTest" assertions="1" time="0.026961"/>
        <testcase name="test_non_admin_cannot_add_users_to_group" file="/Users/jaypaldhoriya/WorkSpace/web-Workspace/Oceanbit_Laravel/OCEANBIT/split-bill-laravel/tests/Feature/Group/AddGroupMemberTest.php" line="117" class="Tests\Feature\Group\AddGroupMemberTest" classname="Tests.Feature.Group.AddGroupMemberTest" assertions="2" time="0.028325"/>
        <testcase name="test_already_existing_user_in_group_is_not_added_again" file="/Users/jaypaldhoriya/WorkSpace/web-Workspace/Oceanbit_Laravel/OCEANBIT/split-bill-laravel/tests/Feature/Group/AddGroupMemberTest.php" line="135" class="Tests\Feature\Group\AddGroupMemberTest" classname="Tests.Feature.Group.AddGroupMemberTest" assertions="2" time="0.033906"/>
        <testcase name="test_unauthenticated_user_cannot_add_users" file="/Users/jaypaldhoriya/WorkSpace/web-Workspace/Oceanbit_Laravel/OCEANBIT/split-bill-laravel/tests/Feature/Group/AddGroupMemberTest.php" line="156" class="Tests\Feature\Group\AddGroupMemberTest" classname="Tests.Feature.Group.AddGroupMemberTest" assertions="1" time="0.037169"/>
      </testsuite>
      <testsuite name="Tests\Feature\Group\CreateGroupTest" file="/Users/jaypaldhoriya/WorkSpace/web-Workspace/Oceanbit_Laravel/OCEANBIT/split-bill-laravel/tests/Feature/Group/CreateGroupTest.php" tests="7" assertions="19" errors="0" failures="0" skipped="0" time="0.964808">
        <testcase name="test_group_is_created_successfully_with_valid_members" file="/Users/jaypaldhoriya/WorkSpace/web-Workspace/Oceanbit_Laravel/OCEANBIT/split-bill-laravel/tests/Feature/Group/CreateGroupTest.php" line="26" class="Tests\Feature\Group\CreateGroupTest" classname="Tests.Feature.Group.CreateGroupTest" assertions="5" time="0.066362"/>
        <testcase name="test_group_creation_fails_if_members_are_missing" file="/Users/jaypaldhoriya/WorkSpace/web-Workspace/Oceanbit_Laravel/OCEANBIT/split-bill-laravel/tests/Feature/Group/CreateGroupTest.php" line="69" class="Tests\Feature\Group\CreateGroupTest" classname="Tests.Feature.Group.CreateGroupTest" assertions="2" time="0.023209"/>
        <testcase name="test_group_creation_fails_with_invalid_user_id" file="/Users/jaypaldhoriya/WorkSpace/web-Workspace/Oceanbit_Laravel/OCEANBIT/split-bill-laravel/tests/Feature/Group/CreateGroupTest.php" line="93" class="Tests\Feature\Group\CreateGroupTest" classname="Tests.Feature.Group.CreateGroupTest" assertions="2" time="0.023977"/>
        <testcase name="test_creator_is_added_as_admin" file="/Users/jaypaldhoriya/WorkSpace/web-Workspace/Oceanbit_Laravel/OCEANBIT/split-bill-laravel/tests/Feature/Group/CreateGroupTest.php" line="117" class="Tests\Feature\Group\CreateGroupTest" classname="Tests.Feature.Group.CreateGroupTest" assertions="2" time="0.032660"/>
        <testcase name="test_group_is_created_with_image_upload" file="/Users/jaypaldhoriya/WorkSpace/web-Workspace/Oceanbit_Laravel/OCEANBIT/split-bill-laravel/tests/Feature/Group/CreateGroupTest.php" line="140" class="Tests\Feature\Group\CreateGroupTest" classname="Tests.Feature.Group.CreateGroupTest" assertions="1" time="0.413141"/>
        <testcase name="test_group_uses_default_image_when_none_provided" file="/Users/jaypaldhoriya/WorkSpace/web-Workspace/Oceanbit_Laravel/OCEANBIT/split-bill-laravel/tests/Feature/Group/CreateGroupTest.php" line="159" class="Tests\Feature\Group\CreateGroupTest" classname="Tests.Feature.Group.CreateGroupTest" assertions="2" time="0.383569"/>
        <testcase name="test_validation_fails_if_required_fields_missing" file="/Users/jaypaldhoriya/WorkSpace/web-Workspace/Oceanbit_Laravel/OCEANBIT/split-bill-laravel/tests/Feature/Group/CreateGroupTest.php" line="175" class="Tests\Feature\Group\CreateGroupTest" classname="Tests.Feature.Group.CreateGroupTest" assertions="5" time="0.021890"/>
      </testsuite>
      <testsuite name="Tests\Feature\Group\DeleteGroupTest" file="/Users/jaypaldhoriya/WorkSpace/web-Workspace/Oceanbit_Laravel/OCEANBIT/split-bill-laravel/tests/Feature/Group/DeleteGroupTest.php" tests="5" assertions="14" errors="0" failures="0" skipped="0" time="0.174022">
        <testcase name="test_admin_can_delete_group_successfully" file="/Users/jaypaldhoriya/WorkSpace/web-Workspace/Oceanbit_Laravel/OCEANBIT/split-bill-laravel/tests/Feature/Group/DeleteGroupTest.php" line="28" class="Tests\Feature\Group\DeleteGroupTest" classname="Tests.Feature.Group.DeleteGroupTest" assertions="3" time="0.030723"/>
        <testcase name="test_validation_fails_when_group_id_missing" file="/Users/jaypaldhoriya/WorkSpace/web-Workspace/Oceanbit_Laravel/OCEANBIT/split-bill-laravel/tests/Feature/Group/DeleteGroupTest.php" line="58" class="Tests\Feature\Group\DeleteGroupTest" classname="Tests.Feature.Group.DeleteGroupTest" assertions="2" time="0.020179"/>
        <testcase name="test_delete_fails_if_group_not_found" file="/Users/jaypaldhoriya/WorkSpace/web-Workspace/Oceanbit_Laravel/OCEANBIT/split-bill-laravel/tests/Feature/Group/DeleteGroupTest.php" line="68" class="Tests\Feature\Group\DeleteGroupTest" classname="Tests.Feature.Group.DeleteGroupTest" assertions="3" time="0.024667"/>
        <testcase name="test_non_admin_cannot_delete_group" file="/Users/jaypaldhoriya/WorkSpace/web-Workspace/Oceanbit_Laravel/OCEANBIT/split-bill-laravel/tests/Feature/Group/DeleteGroupTest.php" line="83" class="Tests\Feature\Group\DeleteGroupTest" classname="Tests.Feature.Group.DeleteGroupTest" assertions="3" time="0.028466"/>
        <testcase name="test_group_with_pending_bills_cannot_be_deleted" file="/Users/jaypaldhoriya/WorkSpace/web-Workspace/Oceanbit_Laravel/OCEANBIT/split-bill-laravel/tests/Feature/Group/DeleteGroupTest.php" line="111" class="Tests\Feature\Group\DeleteGroupTest" classname="Tests.Feature.Group.DeleteGroupTest" assertions="3" time="0.069988"/>
      </testsuite>
      <testsuite name="Tests\Feature\Group\LeaveGroupByMemberTest" file="/Users/jaypaldhoriya/WorkSpace/web-Workspace/Oceanbit_Laravel/OCEANBIT/split-bill-laravel/tests/Feature/Group/LeaveGroupbyMemberTest.php" tests="6" assertions="11" errors="0" failures="0" skipped="0" time="0.165088">
        <testcase name="test_user_can_leave_group_successfully" file="/Users/jaypaldhoriya/WorkSpace/web-Workspace/Oceanbit_Laravel/OCEANBIT/split-bill-laravel/tests/Feature/Group/LeaveGroupbyMemberTest.php" line="27" class="Tests\Feature\Group\LeaveGroupByMemberTest" classname="Tests.Feature.Group.LeaveGroupByMemberTest" assertions="3" time="0.031084"/>
        <testcase name="test_user_cannot_leave_group_with_pending_or_declined_transactions" file="/Users/jaypaldhoriya/WorkSpace/web-Workspace/Oceanbit_Laravel/OCEANBIT/split-bill-laravel/tests/Feature/Group/LeaveGroupbyMemberTest.php" line="52" class="Tests\Feature\Group\LeaveGroupByMemberTest" classname="Tests.Feature.Group.LeaveGroupByMemberTest" assertions="3" time="0.040399"/>
        <testcase name="test_user_cannot_leave_group_if_not_a_member" file="/Users/jaypaldhoriya/WorkSpace/web-Workspace/Oceanbit_Laravel/OCEANBIT/split-bill-laravel/tests/Feature/Group/LeaveGroupbyMemberTest.php" line="91" class="Tests\Feature\Group\LeaveGroupByMemberTest" classname="Tests.Feature.Group.LeaveGroupByMemberTest" assertions="2" time="0.026577"/>
        <testcase name="test_validation_fails_when_group_id_is_missing" file="/Users/jaypaldhoriya/WorkSpace/web-Workspace/Oceanbit_Laravel/OCEANBIT/split-bill-laravel/tests/Feature/Group/LeaveGroupbyMemberTest.php" line="106" class="Tests\Feature\Group\LeaveGroupByMemberTest" classname="Tests.Feature.Group.LeaveGroupByMemberTest" assertions="1" time="0.023243"/>
        <testcase name="test_validation_fails_when_group_id_is_invalid" file="/Users/jaypaldhoriya/WorkSpace/web-Workspace/Oceanbit_Laravel/OCEANBIT/split-bill-laravel/tests/Feature/Group/LeaveGroupbyMemberTest.php" line="115" class="Tests\Feature\Group\LeaveGroupByMemberTest" classname="Tests.Feature.Group.LeaveGroupByMemberTest" assertions="1" time="0.022579"/>
        <testcase name="test_unauthenticated_user_cannot_leave_group" file="/Users/jaypaldhoriya/WorkSpace/web-Workspace/Oceanbit_Laravel/OCEANBIT/split-bill-laravel/tests/Feature/Group/LeaveGroupbyMemberTest.php" line="126" class="Tests\Feature\Group\LeaveGroupByMemberTest" classname="Tests.Feature.Group.LeaveGroupByMemberTest" assertions="1" time="0.021206"/>
      </testsuite>
      <testsuite name="Tests\Feature\Group\ListofUserTest" file="/Users/jaypaldhoriya/WorkSpace/web-Workspace/Oceanbit_Laravel/OCEANBIT/split-bill-laravel/tests/Feature/Group/ListofUserTest.php" tests="7" assertions="57" errors="0" failures="0" skipped="0" time="0.238370">
        <testcase name="test_user_can_fetch_group_users_with_balances" file="/Users/jaypaldhoriya/WorkSpace/web-Workspace/Oceanbit_Laravel/OCEANBIT/split-bill-laravel/tests/Feature/Group/ListofUserTest.php" line="26" class="Tests\Feature\Group\ListofUserTest" classname="Tests.Feature.Group.ListofUserTest" assertions="14" time="0.055006"/>
        <testcase name="test_returns_no_data_found_when_group_has_no_users" file="/Users/jaypaldhoriya/WorkSpace/web-Workspace/Oceanbit_Laravel/OCEANBIT/split-bill-laravel/tests/Feature/Group/ListofUserTest.php" line="65" class="Tests\Feature\Group\ListofUserTest" classname="Tests.Feature.Group.ListofUserTest" assertions="2" time="0.035922"/>
        <testcase name="test_validation_fails_when_group_id_missing" file="/Users/jaypaldhoriya/WorkSpace/web-Workspace/Oceanbit_Laravel/OCEANBIT/split-bill-laravel/tests/Feature/Group/ListofUserTest.php" line="78" class="Tests\Feature\Group\ListofUserTest" classname="Tests.Feature.Group.ListofUserTest" assertions="3" time="0.024364"/>
        <testcase name="test_validation_fails_when_group_id_invalid" file="/Users/jaypaldhoriya/WorkSpace/web-Workspace/Oceanbit_Laravel/OCEANBIT/split-bill-laravel/tests/Feature/Group/ListofUserTest.php" line="91" class="Tests\Feature\Group\ListofUserTest" classname="Tests.Feature.Group.ListofUserTest" assertions="3" time="0.023499"/>
        <testcase name="test_unauthenticated_user_cannot_access_endpoint" file="/Users/jaypaldhoriya/WorkSpace/web-Workspace/Oceanbit_Laravel/OCEANBIT/split-bill-laravel/tests/Feature/Group/ListofUserTest.php" line="104" class="Tests\Feature\Group\ListofUserTest" classname="Tests.Feature.Group.ListofUserTest" assertions="1" time="0.023223"/>
        <testcase name="test_balance_calculation_for_multiple_users" file="/Users/jaypaldhoriya/WorkSpace/web-Workspace/Oceanbit_Laravel/OCEANBIT/split-bill-laravel/tests/Feature/Group/ListofUserTest.php" line="113" class="Tests\Feature\Group\ListofUserTest" classname="Tests.Feature.Group.ListofUserTest" assertions="31" time="0.045523"/>
        <testcase name="test_status_is_settled_if_no_transactions_exist" file="/Users/jaypaldhoriya/WorkSpace/web-Workspace/Oceanbit_Laravel/OCEANBIT/split-bill-laravel/tests/Feature/Group/ListofUserTest.php" line="182" class="Tests\Feature\Group\ListofUserTest" classname="Tests.Feature.Group.ListofUserTest" assertions="3" time="0.030833"/>
      </testsuite>
      <testsuite name="Tests\Feature\Group\RemoveGroupMemberTest" file="/Users/jaypaldhoriya/WorkSpace/web-Workspace/Oceanbit_Laravel/OCEANBIT/split-bill-laravel/tests/Feature/Group/RemoveGroupMemberTest.php" tests="9" assertions="16" errors="0" failures="0" skipped="0" time="0.256299">
        <testcase name="test_admin_can_remove_group_user" file="/Users/jaypaldhoriya/WorkSpace/web-Workspace/Oceanbit_Laravel/OCEANBIT/split-bill-laravel/tests/Feature/Group/RemoveGroupMemberTest.php" line="37" class="Tests\Feature\Group\RemoveGroupMemberTest" classname="Tests.Feature.Group.RemoveGroupMemberTest" assertions="3" time="0.033524"/>
        <testcase name="test_admin_cannot_remove_user_with_pending_transactions" file="/Users/jaypaldhoriya/WorkSpace/web-Workspace/Oceanbit_Laravel/OCEANBIT/split-bill-laravel/tests/Feature/Group/RemoveGroupMemberTest.php" line="62" class="Tests\Feature\Group\RemoveGroupMemberTest" classname="Tests.Feature.Group.RemoveGroupMemberTest" assertions="3" time="0.042993"/>
        <testcase name="test_admin_cannot_remove_user_not_in_group" file="/Users/jaypaldhoriya/WorkSpace/web-Workspace/Oceanbit_Laravel/OCEANBIT/split-bill-laravel/tests/Feature/Group/RemoveGroupMemberTest.php" line="103" class="Tests\Feature\Group\RemoveGroupMemberTest" classname="Tests.Feature.Group.RemoveGroupMemberTest" assertions="3" time="0.028263"/>
        <testcase name="test_non_admin_cannot_remove_users" file="/Users/jaypaldhoriya/WorkSpace/web-Workspace/Oceanbit_Laravel/OCEANBIT/split-bill-laravel/tests/Feature/Group/RemoveGroupMemberTest.php" line="121" class="Tests\Feature\Group\RemoveGroupMemberTest" classname="Tests.Feature.Group.RemoveGroupMemberTest" assertions="2" time="0.029419"/>
        <testcase name="test_validation_fails_for_missing_group_id" file="/Users/jaypaldhoriya/WorkSpace/web-Workspace/Oceanbit_Laravel/OCEANBIT/split-bill-laravel/tests/Feature/Group/RemoveGroupMemberTest.php" line="140" class="Tests\Feature\Group\RemoveGroupMemberTest" classname="Tests.Feature.Group.RemoveGroupMemberTest" assertions="1" time="0.022261"/>
        <testcase name="test_validation_fails_for_missing_user_list" file="/Users/jaypaldhoriya/WorkSpace/web-Workspace/Oceanbit_Laravel/OCEANBIT/split-bill-laravel/tests/Feature/Group/RemoveGroupMemberTest.php" line="151" class="Tests\Feature\Group\RemoveGroupMemberTest" classname="Tests.Feature.Group.RemoveGroupMemberTest" assertions="1" time="0.023020"/>
        <testcase name="test_validation_fails_if_user_list_is_not_array" file="/Users/jaypaldhoriya/WorkSpace/web-Workspace/Oceanbit_Laravel/OCEANBIT/split-bill-laravel/tests/Feature/Group/RemoveGroupMemberTest.php" line="162" class="Tests\Feature\Group\RemoveGroupMemberTest" classname="Tests.Feature.Group.RemoveGroupMemberTest" assertions="1" time="0.025478"/>
        <testcase name="test_validation_fails_if_user_id_not_present_in_user_list" file="/Users/jaypaldhoriya/WorkSpace/web-Workspace/Oceanbit_Laravel/OCEANBIT/split-bill-laravel/tests/Feature/Group/RemoveGroupMemberTest.php" line="174" class="Tests\Feature\Group\RemoveGroupMemberTest" classname="Tests.Feature.Group.RemoveGroupMemberTest" assertions="1" time="0.026402"/>
        <testcase name="test_unauthenticated_user_cannot_remove_user" file="/Users/jaypaldhoriya/WorkSpace/web-Workspace/Oceanbit_Laravel/OCEANBIT/split-bill-laravel/tests/Feature/Group/RemoveGroupMemberTest.php" line="186" class="Tests\Feature\Group\RemoveGroupMemberTest" classname="Tests.Feature.Group.RemoveGroupMemberTest" assertions="1" time="0.024939"/>
      </testsuite>
      <testsuite name="Tests\Feature\Group\UpdateGroupTest" file="/Users/jaypaldhoriya/WorkSpace/web-Workspace/Oceanbit_Laravel/OCEANBIT/split-bill-laravel/tests/Feature/Group/UpdateGroupTest.php" tests="7" assertions="17" errors="0" failures="0" skipped="0" time="0.203242">
        <testcase name="test_group_name_is_updated_successfully" file="/Users/jaypaldhoriya/WorkSpace/web-Workspace/Oceanbit_Laravel/OCEANBIT/split-bill-laravel/tests/Feature/Group/UpdateGroupTest.php" line="28" class="Tests\Feature\Group\UpdateGroupTest" classname="Tests.Feature.Group.UpdateGroupTest" assertions="3" time="0.027999"/>
        <testcase name="test_group_image_is_updated_and_old_image_deleted" file="/Users/jaypaldhoriya/WorkSpace/web-Workspace/Oceanbit_Laravel/OCEANBIT/split-bill-laravel/tests/Feature/Group/UpdateGroupTest.php" line="61" class="Tests\Feature\Group\UpdateGroupTest" classname="Tests.Feature.Group.UpdateGroupTest" assertions="2" time="0.028329"/>
        <testcase name="test_group_type_is_updated_successfully" file="/Users/jaypaldhoriya/WorkSpace/web-Workspace/Oceanbit_Laravel/OCEANBIT/split-bill-laravel/tests/Feature/Group/UpdateGroupTest.php" line="91" class="Tests\Feature\Group\UpdateGroupTest" classname="Tests.Feature.Group.UpdateGroupTest" assertions="2" time="0.033057"/>
        <testcase name="test_validation_fails_if_group_id_missing" file="/Users/jaypaldhoriya/WorkSpace/web-Workspace/Oceanbit_Laravel/OCEANBIT/split-bill-laravel/tests/Feature/Group/UpdateGroupTest.php" line="119" class="Tests\Feature\Group\UpdateGroupTest" classname="Tests.Feature.Group.UpdateGroupTest" assertions="2" time="0.025093"/>
        <testcase name="test_non_admin_cannot_update_group" file="/Users/jaypaldhoriya/WorkSpace/web-Workspace/Oceanbit_Laravel/OCEANBIT/split-bill-laravel/tests/Feature/Group/UpdateGroupTest.php" line="131" class="Tests\Feature\Group\UpdateGroupTest" classname="Tests.Feature.Group.UpdateGroupTest" assertions="3" time="0.028090"/>
        <testcase name="test_update_fails_if_group_not_found" file="/Users/jaypaldhoriya/WorkSpace/web-Workspace/Oceanbit_Laravel/OCEANBIT/split-bill-laravel/tests/Feature/Group/UpdateGroupTest.php" line="161" class="Tests\Feature\Group\UpdateGroupTest" classname="Tests.Feature.Group.UpdateGroupTest" assertions="3" time="0.026486"/>
        <testcase name="test_update_fails_with_invalid_image_format" file="/Users/jaypaldhoriya/WorkSpace/web-Workspace/Oceanbit_Laravel/OCEANBIT/split-bill-laravel/tests/Feature/Group/UpdateGroupTest.php" line="177" class="Tests\Feature\Group\UpdateGroupTest" classname="Tests.Feature.Group.UpdateGroupTest" assertions="2" time="0.034189"/>
      </testsuite>
    </testsuite>
  </testsuite>
</testsuites>
